2016-12-27 07:33:18,184 [12] WARN  Logging - 程序异常
System.Exception: 指定的转换无效。；属性名：Type ---> System.InvalidCastException: 指定的转换无效。
   在 DynamicCreateEntity(IDataRecord )
   在 System.Linq.IDataReaderExtentions.IDataReaderEntityBuilder`1.Build(IDataRecord dataRecord) 位置 g:\公司项目开发\倍智公共类库项目\trunk\BestWise.Common.Solution\BestWise.Common\DBUtility\IDataReaderExtentions.cs:行号 127
   --- 内部异常堆栈跟踪的结尾 ---
   在 System.Linq.IDataReaderExtentions.FirstOrDefault[TResult](IDataReader dr, Boolean isClose) 位置 g:\公司项目开发\倍智公共类库项目\trunk\BestWise.Common.Solution\BestWise.Common\DBUtility\IDataReaderExtentions.cs:行号 47
   在 System.Linq.IDataReaderExtentions.FirstOrDefault[TResult](IDataReader dr) 位置 g:\公司项目开发\倍智公共类库项目\trunk\BestWise.Common.Solution\BestWise.Common\DBUtility\IDataReaderExtentions.cs:行号 59
   在 BestWise.YLS.FrameWork.DAL.DALMaterialAttachment.GetModel(Guid attachmentId) 位置 d:\源码\YouthLeagueSchool\YouthLeagueSchool\src\平台资源服务\BestWise.YLS.FrameWork\DAL\DALMaterialAttachment.cs:行号 80
   在 BestWise.YLS.FrameWork.BLL.BLLMaterialAttachment.GetModel(Guid attachmentId) 位置 d:\源码\YouthLeagueSchool\YouthLeagueSchool\src\平台资源服务\BestWise.YLS.FrameWork\BLL\BLLMaterialAttachment.cs:行号 60
2016-12-27 07:34:48,769 [12] WARN  Logging - 程序异常
System.Exception: 指定的转换无效。；属性名：Type ---> System.InvalidCastException: 指定的转换无效。
   在 DynamicCreateEntity(IDataRecord )
   在 System.Linq.IDataReaderExtentions.IDataReaderEntityBuilder`1.Build(IDataRecord dataRecord) 位置 g:\公司项目开发\倍智公共类库项目\trunk\BestWise.Common.Solution\BestWise.Common\DBUtility\IDataReaderExtentions.cs:行号 127
   --- 内部异常堆栈跟踪的结尾 ---
   在 System.Linq.IDataReaderExtentions.FirstOrDefault[TResult](IDataReader dr, Boolean isClose) 位置 g:\公司项目开发\倍智公共类库项目\trunk\BestWise.Common.Solution\BestWise.Common\DBUtility\IDataReaderExtentions.cs:行号 47
   在 System.Linq.IDataReaderExtentions.FirstOrDefault[TResult](IDataReader dr) 位置 g:\公司项目开发\倍智公共类库项目\trunk\BestWise.Common.Solution\BestWise.Common\DBUtility\IDataReaderExtentions.cs:行号 59
   在 BestWise.YLS.FrameWork.DAL.DALMaterialAttachment.GetModel(Guid attachmentId) 位置 d:\源码\YouthLeagueSchool\YouthLeagueSchool\src\平台资源服务\BestWise.YLS.FrameWork\DAL\DALMaterialAttachment.cs:行号 80
   在 BestWise.YLS.FrameWork.BLL.BLLMaterialAttachment.GetModel(Guid attachmentId) 位置 d:\源码\YouthLeagueSchool\YouthLeagueSchool\src\平台资源服务\BestWise.YLS.FrameWork\BLL\BLLMaterialAttachment.cs:行号 60
2016-12-27 07:35:28,857 [8] WARN  Logging - 程序异常
System.Exception: 指定的转换无效。；属性名：Type ---> System.InvalidCastException: 指定的转换无效。
   在 DynamicCreateEntity(IDataRecord )
   在 System.Linq.IDataReaderExtentions.IDataReaderEntityBuilder`1.Build(IDataRecord dataRecord) 位置 g:\公司项目开发\倍智公共类库项目\trunk\BestWise.Common.Solution\BestWise.Common\DBUtility\IDataReaderExtentions.cs:行号 127
   --- 内部异常堆栈跟踪的结尾 ---
   在 System.Linq.IDataReaderExtentions.FirstOrDefault[TResult](IDataReader dr, Boolean isClose) 位置 g:\公司项目开发\倍智公共类库项目\trunk\BestWise.Common.Solution\BestWise.Common\DBUtility\IDataReaderExtentions.cs:行号 47
   在 System.Linq.IDataReaderExtentions.FirstOrDefault[TResult](IDataReader dr) 位置 g:\公司项目开发\倍智公共类库项目\trunk\BestWise.Common.Solution\BestWise.Common\DBUtility\IDataReaderExtentions.cs:行号 59
   在 BestWise.YLS.FrameWork.DAL.DALMaterialAttachment.GetModel(Guid attachmentId) 位置 d:\源码\YouthLeagueSchool\YouthLeagueSchool\src\平台资源服务\BestWise.YLS.FrameWork\DAL\DALMaterialAttachment.cs:行号 80
   在 BestWise.YLS.FrameWork.BLL.BLLMaterialAttachment.GetModel(Guid attachmentId) 位置 d:\源码\YouthLeagueSchool\YouthLeagueSchool\src\平台资源服务\BestWise.YLS.FrameWork\BLL\BLLMaterialAttachment.cs:行号 60
2016-12-27 07:36:40,817 [19] WARN  Logging - 程序异常
System.Exception: 指定的转换无效。；属性名：Type ---> System.InvalidCastException: 指定的转换无效。
   在 DynamicCreateEntity(IDataRecord )
   在 System.Linq.IDataReaderExtentions.IDataReaderEntityBuilder`1.Build(IDataRecord dataRecord) 位置 g:\公司项目开发\倍智公共类库项目\trunk\BestWise.Common.Solution\BestWise.Common\DBUtility\IDataReaderExtentions.cs:行号 127
   --- 内部异常堆栈跟踪的结尾 ---
   在 System.Linq.IDataReaderExtentions.FirstOrDefault[TResult](IDataReader dr, Boolean isClose) 位置 g:\公司项目开发\倍智公共类库项目\trunk\BestWise.Common.Solution\BestWise.Common\DBUtility\IDataReaderExtentions.cs:行号 47
   在 System.Linq.IDataReaderExtentions.FirstOrDefault[TResult](IDataReader dr) 位置 g:\公司项目开发\倍智公共类库项目\trunk\BestWise.Common.Solution\BestWise.Common\DBUtility\IDataReaderExtentions.cs:行号 59
   在 BestWise.YLS.FrameWork.DAL.DALMaterialAttachment.GetModel(Guid attachmentId) 位置 d:\源码\YouthLeagueSchool\YouthLeagueSchool\src\平台资源服务\BestWise.YLS.FrameWork\DAL\DALMaterialAttachment.cs:行号 80
   在 BestWise.YLS.FrameWork.BLL.BLLMaterialAttachment.GetModel(Guid attachmentId) 位置 d:\源码\YouthLeagueSchool\YouthLeagueSchool\src\平台资源服务\BestWise.YLS.FrameWork\BLL\BLLMaterialAttachment.cs:行号 60
2016-12-27 15:39:59,351 [59] WARN  Logging - 程序异常
System.InvalidOperationException: 超时时间已到。超时时间已到，但是尚未从池中获取连接。出现这种情况可能是因为所有池连接均在使用，并且达到了最大池大小。
   在 System.Data.ProviderBase.DbConnectionFactory.TryGetConnection(DbConnection owningConnection, TaskCompletionSource`1 retry, DbConnectionOptions userOptions, DbConnectionInternal oldConnection, DbConnectionInternal& connection)
   在 System.Data.ProviderBase.DbConnectionInternal.TryOpenConnectionInternal(DbConnection outerConnection, DbConnectionFactory connectionFactory, TaskCompletionSource`1 retry, DbConnectionOptions userOptions)
   在 System.Data.SqlClient.SqlConnection.TryOpenInner(TaskCompletionSource`1 retry)
   在 System.Data.SqlClient.SqlConnection.TryOpen(TaskCompletionSource`1 retry)
   在 System.Data.SqlClient.SqlConnection.Open()
   在 Microsoft.Practices.EnterpriseLibrary.Data.Database.GetNewOpenConnection()
   在 Microsoft.Practices.EnterpriseLibrary.Data.Database.GetWrappedConnection()
   在 Microsoft.Practices.EnterpriseLibrary.Data.Database.LoadDataSet(DbCommand command, DataSet dataSet, String[] tableNames)
   在 Microsoft.Practices.EnterpriseLibrary.Data.Database.ExecuteDataSet(DbCommand command)
   在 BestWise.User.FrameWork.DAL.DALFunction.GetMenuByRole(Int32 roleId) 位置 g:\GitWork\Common4Net\src\.NET Framework\用户类库\BestWise.User\FrameWork\DAL\DALFunction.cs:行号 218
   在 BestWise.User.FrameWork.BLL.BLLFunction.GetUserMenu() 位置 g:\GitWork\Common4Net\src\.NET Framework\用户类库\BestWise.User\FrameWork\BLL\BLLFunction.cs:行号 180
2016-12-27 15:39:59,503 [60] WARN  Logging - 程序异常
System.Data.SqlClient.SqlException (0x80131904): 在与 SQL Server 建立连接时出现与网络相关的或特定于实例的错误。未找到或无法访问服务器。请验证实例名称是否正确并且 SQL Server 已配置为允许远程连接。 (provider: Named Pipes Provider, error: 40 - 无法打开到 SQL Server 的连接) ---> System.ComponentModel.Win32Exception (0x80004005): 找不到网络路径。
   在 System.Data.SqlClient.SqlInternalConnectionTds..ctor(DbConnectionPoolIdentity identity, SqlConnectionString connectionOptions, SqlCredential credential, Object providerInfo, String newPassword, SecureString newSecurePassword, Boolean redirectedUserInstance, SqlConnectionString userConnectionOptions, SessionData reconnectSessionData, DbConnectionPool pool, String accessToken, Boolean applyTransientFaultHandling)
   在 System.Data.SqlClient.SqlConnectionFactory.CreateConnection(DbConnectionOptions options, DbConnectionPoolKey poolKey, Object poolGroupProviderInfo, DbConnectionPool pool, DbConnection owningConnection, DbConnectionOptions userOptions)
   在 System.Data.ProviderBase.DbConnectionFactory.CreatePooledConnection(DbConnectionPool pool, DbConnection owningObject, DbConnectionOptions options, DbConnectionPoolKey poolKey, DbConnectionOptions userOptions)
   在 System.Data.ProviderBase.DbConnectionPool.CreateObject(DbConnection owningObject, DbConnectionOptions userOptions, DbConnectionInternal oldConnection)
   在 System.Data.ProviderBase.DbConnectionPool.UserCreateRequest(DbConnection owningObject, DbConnectionOptions userOptions, DbConnectionInternal oldConnection)
   在 System.Data.ProviderBase.DbConnectionPool.TryGetConnection(DbConnection owningObject, UInt32 waitForMultipleObjectsTimeout, Boolean allowCreate, Boolean onlyOneCheckConnection, DbConnectionOptions userOptions, DbConnectionInternal& connection)
   在 System.Data.ProviderBase.DbConnectionPool.TryGetConnection(DbConnection owningObject, TaskCompletionSource`1 retry, DbConnectionOptions userOptions, DbConnectionInternal& connection)
   在 System.Data.ProviderBase.DbConnectionFactory.TryGetConnection(DbConnection owningConnection, TaskCompletionSource`1 retry, DbConnectionOptions userOptions, DbConnectionInternal oldConnection, DbConnectionInternal& connection)
   在 System.Data.ProviderBase.DbConnectionInternal.TryOpenConnectionInternal(DbConnection outerConnection, DbConnectionFactory connectionFactory, TaskCompletionSource`1 retry, DbConnectionOptions userOptions)
   在 System.Data.SqlClient.SqlConnection.TryOpenInner(TaskCompletionSource`1 retry)
   在 System.Data.SqlClient.SqlConnection.TryOpen(TaskCompletionSource`1 retry)
   在 System.Data.SqlClient.SqlConnection.Open()
   在 Microsoft.Practices.EnterpriseLibrary.Data.Database.GetNewOpenConnection()
   在 Microsoft.Practices.EnterpriseLibrary.Data.Database.GetWrappedConnection()
   在 Microsoft.Practices.EnterpriseLibrary.Data.Database.LoadDataSet(DbCommand command, DataSet dataSet, String[] tableNames)
   在 Microsoft.Practices.EnterpriseLibrary.Data.Database.ExecuteDataSet(DbCommand command)
   在 BestWise.YLS.FrameWork.DAL.DALMaterial.GetPageList(BaseFilter baseFilter) 位置 g:\GitWork\YouthLeagueSchool\src\平台资源服务\BestWise.YLS.FrameWork\DAL\DALMaterial.cs:行号 169
   在 BestWise.YLS.FrameWork.BLL.BLLMaterial.GetPageList(BaseFilter baseFilter) 位置 g:\GitWork\YouthLeagueSchool\src\平台资源服务\BestWise.YLS.FrameWork\BLL\BLLMaterial.cs:行号 138
ClientConnectionId:00000000-0000-0000-0000-000000000000
Error Number:53,State:0,Class:20
2016-12-27 15:40:00,207 [5] WARN  Logging - 程序异常
System.Data.SqlClient.SqlException (0x80131904): 在与 SQL Server 建立连接时出现与网络相关的或特定于实例的错误。未找到或无法访问服务器。请验证实例名称是否正确并且 SQL Server 已配置为允许远程连接。 (provider: Named Pipes Provider, error: 40 - 无法打开到 SQL Server 的连接) ---> System.ComponentModel.Win32Exception (0x80004005): 找不到网络路径。
   在 System.Data.ProviderBase.DbConnectionPool.TryGetConnection(DbConnection owningObject, UInt32 waitForMultipleObjectsTimeout, Boolean allowCreate, Boolean onlyOneCheckConnection, DbConnectionOptions userOptions, DbConnectionInternal& connection)
   在 System.Data.ProviderBase.DbConnectionPool.TryGetConnection(DbConnection owningObject, TaskCompletionSource`1 retry, DbConnectionOptions userOptions, DbConnectionInternal& connection)
   在 System.Data.ProviderBase.DbConnectionFactory.TryGetConnection(DbConnection owningConnection, TaskCompletionSource`1 retry, DbConnectionOptions userOptions, DbConnectionInternal oldConnection, DbConnectionInternal& connection)
   在 System.Data.ProviderBase.DbConnectionInternal.TryOpenConnectionInternal(DbConnection outerConnection, DbConnectionFactory connectionFactory, TaskCompletionSource`1 retry, DbConnectionOptions userOptions)
   在 System.Data.SqlClient.SqlConnection.TryOpenInner(TaskCompletionSource`1 retry)
   在 System.Data.SqlClient.SqlConnection.TryOpen(TaskCompletionSource`1 retry)
   在 System.Data.SqlClient.SqlConnection.Open()
   在 Microsoft.Practices.EnterpriseLibrary.Data.Database.GetNewOpenConnection()
   在 Microsoft.Practices.EnterpriseLibrary.Data.Database.GetWrappedConnection()
   在 Microsoft.Practices.EnterpriseLibrary.Data.Database.LoadDataSet(DbCommand command, DataSet dataSet, String[] tableNames)
   在 Microsoft.Practices.EnterpriseLibrary.Data.Database.ExecuteDataSet(DbCommand command)
   在 BestWise.User.FrameWork.DAL.DALFunction.GetPageList(BaseFilter baseFilter) 位置 g:\GitWork\Common4Net\src\.NET Framework\用户类库\BestWise.User\FrameWork\DAL\DALFunction.cs:行号 169
   在 BestWise.User.FrameWork.BLL.BLLFunction.GetPageList(BaseFilter baseFilter) 位置 g:\GitWork\Common4Net\src\.NET Framework\用户类库\BestWise.User\FrameWork\BLL\BLLFunction.cs:行号 115
ClientConnectionId:00000000-0000-0000-0000-000000000000
Error Number:53,State:0,Class:20
2016-12-27 15:47:34,630 [28] WARN  Logging - 程序异常
System.ArgumentException: 不支持 URI 格式。
   在 System.IO.Path.NormalizePath(String path, Boolean fullCheck, Int32 maxPathLength, Boolean expandShortPaths)
   在 System.IO.Path.GetFullPathInternal(String path)
   在 System.IO.FileInfo.Init(String fileName, Boolean checkHost)
   在 BestWise.Common.DirFile.GetExtension(String filePath) 位置 g:\公司项目开发\倍智公共类库项目\trunk\BestWise.Common.Solution\BestWise.Common\DirFile.cs:行号 677
   在 BestWise.YLS.FrameWork.BLL.BLLMaterial.GetMaterialType(String path) 位置 g:\GitWork\YouthLeagueSchool\src\平台资源服务\BestWise.YLS.FrameWork\BLL\BLLMaterial.cs:行号 211
   在 BestWise.YLS.FrameWork.BLL.BLLMaterial.Add(Material model) 位置 g:\GitWork\YouthLeagueSchool\src\平台资源服务\BestWise.YLS.FrameWork\BLL\BLLMaterial.cs:行号 54
2016-12-27 15:48:31,236 [21] WARN  Logging - 程序异常
System.ArgumentException: 不支持 URI 格式。
   在 System.IO.Path.NormalizePath(String path, Boolean fullCheck, Int32 maxPathLength, Boolean expandShortPaths)
   在 System.IO.Path.GetFullPathInternal(String path)
   在 System.IO.FileInfo.Init(String fileName, Boolean checkHost)
   在 BestWise.Common.DirFile.GetExtension(String filePath) 位置 g:\公司项目开发\倍智公共类库项目\trunk\BestWise.Common.Solution\BestWise.Common\DirFile.cs:行号 677
   在 BestWise.YLS.FrameWork.BLL.BLLMaterial.GetMaterialType(String path) 位置 g:\GitWork\YouthLeagueSchool\src\平台资源服务\BestWise.YLS.FrameWork\BLL\BLLMaterial.cs:行号 211
   在 BestWise.YLS.FrameWork.BLL.BLLMaterial.Add(Material model) 位置 g:\GitWork\YouthLeagueSchool\src\平台资源服务\BestWise.YLS.FrameWork\BLL\BLLMaterial.cs:行号 54
2016-12-27 16:04:37,426 [24] WARN  Logging - 程序异常
System.Data.SqlClient.SqlException (0x80131904): 列名 'LinkUrl' 无效。
   在 System.Data.SqlClient.SqlConnection.OnError(SqlException exception, Boolean breakConnection, Action`1 wrapCloseInAction)
   在 System.Data.SqlClient.TdsParser.ThrowExceptionAndWarning(TdsParserStateObject stateObj, Boolean callerHasConnectionLock, Boolean asyncClose)
   在 System.Data.SqlClient.TdsParser.TryRun(RunBehavior runBehavior, SqlCommand cmdHandler, SqlDataReader dataStream, BulkCopySimpleResultSet bulkCopyHandler, TdsParserStateObject stateObj, Boolean& dataReady)
   在 System.Data.SqlClient.SqlDataReader.TryConsumeMetaData()
   在 System.Data.SqlClient.SqlDataReader.get_MetaData()
   在 System.Data.SqlClient.SqlCommand.FinishExecuteReader(SqlDataReader ds, RunBehavior runBehavior, String resetOptionsString)
   在 System.Data.SqlClient.SqlCommand.RunExecuteReaderTds(CommandBehavior cmdBehavior, RunBehavior runBehavior, Boolean returnStream, Boolean async, Int32 timeout, Task& task, Boolean asyncWrite, SqlDataReader ds, Boolean describeParameterEncryptionRequest)
   在 System.Data.SqlClient.SqlCommand.RunExecuteReader(CommandBehavior cmdBehavior, RunBehavior runBehavior, Boolean returnStream, String method, TaskCompletionSource`1 completion, Int32 timeout, Task& task, Boolean asyncWrite)
   在 System.Data.SqlClient.SqlCommand.RunExecuteReader(CommandBehavior cmdBehavior, RunBehavior runBehavior, Boolean returnStream, String method)
   在 System.Data.SqlClient.SqlCommand.ExecuteReader(CommandBehavior behavior, String method)
   在 System.Data.Common.DbDataAdapter.FillInternal(DataSet dataset, DataTable[] datatables, Int32 startRecord, Int32 maxRecords, String srcTable, IDbCommand command, CommandBehavior behavior)
   在 System.Data.Common.DbDataAdapter.Fill(DataSet dataSet, Int32 startRecord, Int32 maxRecords, String srcTable, IDbCommand command, CommandBehavior behavior)
   在 System.Data.Common.DbDataAdapter.Fill(DataSet dataSet)
   在 Microsoft.Practices.EnterpriseLibrary.Data.Database.DoLoadDataSet(IDbCommand command, DataSet dataSet, String[] tableNames)
   在 Microsoft.Practices.EnterpriseLibrary.Data.Database.LoadDataSet(DbCommand command, DataSet dataSet, String[] tableNames)
   在 Microsoft.Practices.EnterpriseLibrary.Data.Database.ExecuteDataSet(DbCommand command)
   在 BestWise.YLS.FrameWork.DAL.DALMaterial.GetPageList(BaseFilter baseFilter) 位置 g:\GitWork\YouthLeagueSchool\src\平台资源服务\BestWise.YLS.FrameWork\DAL\DALMaterial.cs:行号 159
   在 BestWise.YLS.FrameWork.BLL.BLLMaterial.GetPageList(BaseFilter baseFilter) 位置 g:\GitWork\YouthLeagueSchool\src\平台资源服务\BestWise.YLS.FrameWork\BLL\BLLMaterial.cs:行号 139
ClientConnectionId:2a6fb4b2-49b2-4cd8-81a6-a7a3098091a6
Error Number:207,State:1,Class:16
2016-12-27 16:04:51,866 [25] WARN  Logging - 程序异常
System.Data.SqlClient.SqlException (0x80131904): 列名 'LinkUrl' 无效。
   在 System.Data.SqlClient.SqlConnection.OnError(SqlException exception, Boolean breakConnection, Action`1 wrapCloseInAction)
   在 System.Data.SqlClient.TdsParser.ThrowExceptionAndWarning(TdsParserStateObject stateObj, Boolean callerHasConnectionLock, Boolean asyncClose)
   在 System.Data.SqlClient.TdsParser.TryRun(RunBehavior runBehavior, SqlCommand cmdHandler, SqlDataReader dataStream, BulkCopySimpleResultSet bulkCopyHandler, TdsParserStateObject stateObj, Boolean& dataReady)
   在 System.Data.SqlClient.SqlDataReader.TryConsumeMetaData()
   在 System.Data.SqlClient.SqlDataReader.get_MetaData()
   在 System.Data.SqlClient.SqlCommand.FinishExecuteReader(SqlDataReader ds, RunBehavior runBehavior, String resetOptionsString)
   在 System.Data.SqlClient.SqlCommand.RunExecuteReaderTds(CommandBehavior cmdBehavior, RunBehavior runBehavior, Boolean returnStream, Boolean async, Int32 timeout, Task& task, Boolean asyncWrite, SqlDataReader ds, Boolean describeParameterEncryptionRequest)
   在 System.Data.SqlClient.SqlCommand.RunExecuteReader(CommandBehavior cmdBehavior, RunBehavior runBehavior, Boolean returnStream, String method, TaskCompletionSource`1 completion, Int32 timeout, Task& task, Boolean asyncWrite)
   在 System.Data.SqlClient.SqlCommand.RunExecuteReader(CommandBehavior cmdBehavior, RunBehavior runBehavior, Boolean returnStream, String method)
   在 System.Data.SqlClient.SqlCommand.ExecuteReader(CommandBehavior behavior, String method)
   在 System.Data.Common.DbDataAdapter.FillInternal(DataSet dataset, DataTable[] datatables, Int32 startRecord, Int32 maxRecords, String srcTable, IDbCommand command, CommandBehavior behavior)
   在 System.Data.Common.DbDataAdapter.Fill(DataSet dataSet, Int32 startRecord, Int32 maxRecords, String srcTable, IDbCommand command, CommandBehavior behavior)
   在 System.Data.Common.DbDataAdapter.Fill(DataSet dataSet)
   在 Microsoft.Practices.EnterpriseLibrary.Data.Database.DoLoadDataSet(IDbCommand command, DataSet dataSet, String[] tableNames)
   在 Microsoft.Practices.EnterpriseLibrary.Data.Database.LoadDataSet(DbCommand command, DataSet dataSet, String[] tableNames)
   在 Microsoft.Practices.EnterpriseLibrary.Data.Database.ExecuteDataSet(DbCommand command)
   在 BestWise.YLS.FrameWork.DAL.DALMaterial.GetPageList(BaseFilter baseFilter) 位置 g:\GitWork\YouthLeagueSchool\src\平台资源服务\BestWise.YLS.FrameWork\DAL\DALMaterial.cs:行号 159
   在 BestWise.YLS.FrameWork.BLL.BLLMaterial.GetPageList(BaseFilter baseFilter) 位置 g:\GitWork\YouthLeagueSchool\src\平台资源服务\BestWise.YLS.FrameWork\BLL\BLLMaterial.cs:行号 139
ClientConnectionId:0c29c2b7-e758-4fa8-9e55-41ddd56055db
Error Number:207,State:1,Class:16
2016-12-27 16:06:07,148 [25] WARN  Logging - 程序异常
System.Data.SqlClient.SqlException (0x80131904): 列名 'LinkUrl' 无效。
   在 System.Data.SqlClient.SqlConnection.OnError(SqlException exception, Boolean breakConnection, Action`1 wrapCloseInAction)
   在 System.Data.SqlClient.TdsParser.ThrowExceptionAndWarning(TdsParserStateObject stateObj, Boolean callerHasConnectionLock, Boolean asyncClose)
   在 System.Data.SqlClient.TdsParser.TryRun(RunBehavior runBehavior, SqlCommand cmdHandler, SqlDataReader dataStream, BulkCopySimpleResultSet bulkCopyHandler, TdsParserStateObject stateObj, Boolean& dataReady)
   在 System.Data.SqlClient.SqlDataReader.TryConsumeMetaData()
   在 System.Data.SqlClient.SqlDataReader.get_MetaData()
   在 System.Data.SqlClient.SqlCommand.FinishExecuteReader(SqlDataReader ds, RunBehavior runBehavior, String resetOptionsString)
   在 System.Data.SqlClient.SqlCommand.RunExecuteReaderTds(CommandBehavior cmdBehavior, RunBehavior runBehavior, Boolean returnStream, Boolean async, Int32 timeout, Task& task, Boolean asyncWrite, SqlDataReader ds, Boolean describeParameterEncryptionRequest)
   在 System.Data.SqlClient.SqlCommand.RunExecuteReader(CommandBehavior cmdBehavior, RunBehavior runBehavior, Boolean returnStream, String method, TaskCompletionSource`1 completion, Int32 timeout, Task& task, Boolean asyncWrite)
   在 System.Data.SqlClient.SqlCommand.RunExecuteReader(CommandBehavior cmdBehavior, RunBehavior runBehavior, Boolean returnStream, String method)
   在 System.Data.SqlClient.SqlCommand.ExecuteReader(CommandBehavior behavior, String method)
   在 System.Data.Common.DbDataAdapter.FillInternal(DataSet dataset, DataTable[] datatables, Int32 startRecord, Int32 maxRecords, String srcTable, IDbCommand command, CommandBehavior behavior)
   在 System.Data.Common.DbDataAdapter.Fill(DataSet dataSet, Int32 startRecord, Int32 maxRecords, String srcTable, IDbCommand command, CommandBehavior behavior)
   在 System.Data.Common.DbDataAdapter.Fill(DataSet dataSet)
   在 Microsoft.Practices.EnterpriseLibrary.Data.Database.DoLoadDataSet(IDbCommand command, DataSet dataSet, String[] tableNames)
   在 Microsoft.Practices.EnterpriseLibrary.Data.Database.LoadDataSet(DbCommand command, DataSet dataSet, String[] tableNames)
   在 Microsoft.Practices.EnterpriseLibrary.Data.Database.ExecuteDataSet(DbCommand command)
   在 BestWise.YLS.FrameWork.DAL.DALMaterial.GetPageList(BaseFilter baseFilter) 位置 g:\GitWork\YouthLeagueSchool\src\平台资源服务\BestWise.YLS.FrameWork\DAL\DALMaterial.cs:行号 159
   在 BestWise.YLS.FrameWork.BLL.BLLMaterial.GetPageList(BaseFilter baseFilter) 位置 g:\GitWork\YouthLeagueSchool\src\平台资源服务\BestWise.YLS.FrameWork\BLL\BLLMaterial.cs:行号 139
ClientConnectionId:0c29c2b7-e758-4fa8-9e55-41ddd56055db
Error Number:207,State:1,Class:16
2016-12-27 16:06:43,282 [24] WARN  Logging - 程序异常
System.Data.SqlClient.SqlException (0x80131904): 列名 'LinkUrl' 无效。
   在 System.Data.SqlClient.SqlConnection.OnError(SqlException exception, Boolean breakConnection, Action`1 wrapCloseInAction)
   在 System.Data.SqlClient.TdsParser.ThrowExceptionAndWarning(TdsParserStateObject stateObj, Boolean callerHasConnectionLock, Boolean asyncClose)
   在 System.Data.SqlClient.TdsParser.TryRun(RunBehavior runBehavior, SqlCommand cmdHandler, SqlDataReader dataStream, BulkCopySimpleResultSet bulkCopyHandler, TdsParserStateObject stateObj, Boolean& dataReady)
   在 System.Data.SqlClient.SqlDataReader.TryConsumeMetaData()
   在 System.Data.SqlClient.SqlDataReader.get_MetaData()
   在 System.Data.SqlClient.SqlCommand.FinishExecuteReader(SqlDataReader ds, RunBehavior runBehavior, String resetOptionsString)
   在 System.Data.SqlClient.SqlCommand.RunExecuteReaderTds(CommandBehavior cmdBehavior, RunBehavior runBehavior, Boolean returnStream, Boolean async, Int32 timeout, Task& task, Boolean asyncWrite, SqlDataReader ds, Boolean describeParameterEncryptionRequest)
   在 System.Data.SqlClient.SqlCommand.RunExecuteReader(CommandBehavior cmdBehavior, RunBehavior runBehavior, Boolean returnStream, String method, TaskCompletionSource`1 completion, Int32 timeout, Task& task, Boolean asyncWrite)
   在 System.Data.SqlClient.SqlCommand.RunExecuteReader(CommandBehavior cmdBehavior, RunBehavior runBehavior, Boolean returnStream, String method)
   在 System.Data.SqlClient.SqlCommand.ExecuteReader(CommandBehavior behavior, String method)
   在 System.Data.Common.DbDataAdapter.FillInternal(DataSet dataset, DataTable[] datatables, Int32 startRecord, Int32 maxRecords, String srcTable, IDbCommand command, CommandBehavior behavior)
   在 System.Data.Common.DbDataAdapter.Fill(DataSet dataSet, Int32 startRecord, Int32 maxRecords, String srcTable, IDbCommand command, CommandBehavior behavior)
   在 System.Data.Common.DbDataAdapter.Fill(DataSet dataSet)
   在 Microsoft.Practices.EnterpriseLibrary.Data.Database.DoLoadDataSet(IDbCommand command, DataSet dataSet, String[] tableNames)
   在 Microsoft.Practices.EnterpriseLibrary.Data.Database.LoadDataSet(DbCommand command, DataSet dataSet, String[] tableNames)
   在 Microsoft.Practices.EnterpriseLibrary.Data.Database.ExecuteDataSet(DbCommand command)
   在 BestWise.YLS.FrameWork.DAL.DALMaterial.GetPageList(BaseFilter baseFilter) 位置 g:\GitWork\YouthLeagueSchool\src\平台资源服务\BestWise.YLS.FrameWork\DAL\DALMaterial.cs:行号 159
   在 BestWise.YLS.FrameWork.BLL.BLLMaterial.GetPageList(BaseFilter baseFilter) 位置 g:\GitWork\YouthLeagueSchool\src\平台资源服务\BestWise.YLS.FrameWork\BLL\BLLMaterial.cs:行号 139
ClientConnectionId:0c29c2b7-e758-4fa8-9e55-41ddd56055db
Error Number:207,State:1,Class:16
2016-12-27 16:06:55,335 [30] WARN  Logging - 程序异常
System.Data.SqlClient.SqlException (0x80131904): 列名 'LinkUrl' 无效。
   在 System.Data.SqlClient.SqlConnection.OnError(SqlException exception, Boolean breakConnection, Action`1 wrapCloseInAction)
   在 System.Data.SqlClient.TdsParser.ThrowExceptionAndWarning(TdsParserStateObject stateObj, Boolean callerHasConnectionLock, Boolean asyncClose)
   在 System.Data.SqlClient.TdsParser.TryRun(RunBehavior runBehavior, SqlCommand cmdHandler, SqlDataReader dataStream, BulkCopySimpleResultSet bulkCopyHandler, TdsParserStateObject stateObj, Boolean& dataReady)
   在 System.Data.SqlClient.SqlDataReader.TryConsumeMetaData()
   在 System.Data.SqlClient.SqlDataReader.get_MetaData()
   在 System.Data.SqlClient.SqlCommand.FinishExecuteReader(SqlDataReader ds, RunBehavior runBehavior, String resetOptionsString)
   在 System.Data.SqlClient.SqlCommand.RunExecuteReaderTds(CommandBehavior cmdBehavior, RunBehavior runBehavior, Boolean returnStream, Boolean async, Int32 timeout, Task& task, Boolean asyncWrite, SqlDataReader ds, Boolean describeParameterEncryptionRequest)
   在 System.Data.SqlClient.SqlCommand.RunExecuteReader(CommandBehavior cmdBehavior, RunBehavior runBehavior, Boolean returnStream, String method, TaskCompletionSource`1 completion, Int32 timeout, Task& task, Boolean asyncWrite)
   在 System.Data.SqlClient.SqlCommand.RunExecuteReader(CommandBehavior cmdBehavior, RunBehavior runBehavior, Boolean returnStream, String method)
   在 System.Data.SqlClient.SqlCommand.ExecuteReader(CommandBehavior behavior, String method)
   在 System.Data.Common.DbDataAdapter.FillInternal(DataSet dataset, DataTable[] datatables, Int32 startRecord, Int32 maxRecords, String srcTable, IDbCommand command, CommandBehavior behavior)
   在 System.Data.Common.DbDataAdapter.Fill(DataSet dataSet, Int32 startRecord, Int32 maxRecords, String srcTable, IDbCommand command, CommandBehavior behavior)
   在 System.Data.Common.DbDataAdapter.Fill(DataSet dataSet)
   在 Microsoft.Practices.EnterpriseLibrary.Data.Database.DoLoadDataSet(IDbCommand command, DataSet dataSet, String[] tableNames)
   在 Microsoft.Practices.EnterpriseLibrary.Data.Database.LoadDataSet(DbCommand command, DataSet dataSet, String[] tableNames)
   在 Microsoft.Practices.EnterpriseLibrary.Data.Database.ExecuteDataSet(DbCommand command)
   在 BestWise.YLS.FrameWork.DAL.DALMaterial.GetPageList(BaseFilter baseFilter) 位置 g:\GitWork\YouthLeagueSchool\src\平台资源服务\BestWise.YLS.FrameWork\DAL\DALMaterial.cs:行号 159
   在 BestWise.YLS.FrameWork.BLL.BLLMaterial.GetPageList(BaseFilter baseFilter) 位置 g:\GitWork\YouthLeagueSchool\src\平台资源服务\BestWise.YLS.FrameWork\BLL\BLLMaterial.cs:行号 139
ClientConnectionId:0c29c2b7-e758-4fa8-9e55-41ddd56055db
Error Number:207,State:1,Class:16
2016-12-27 16:07:00,224 [30] WARN  Logging - 程序异常
System.Data.SqlClient.SqlException (0x80131904): 列名 'LinkUrl' 无效。
   在 System.Data.SqlClient.SqlConnection.OnError(SqlException exception, Boolean breakConnection, Action`1 wrapCloseInAction)
   在 System.Data.SqlClient.TdsParser.ThrowExceptionAndWarning(TdsParserStateObject stateObj, Boolean callerHasConnectionLock, Boolean asyncClose)
   在 System.Data.SqlClient.TdsParser.TryRun(RunBehavior runBehavior, SqlCommand cmdHandler, SqlDataReader dataStream, BulkCopySimpleResultSet bulkCopyHandler, TdsParserStateObject stateObj, Boolean& dataReady)
   在 System.Data.SqlClient.SqlDataReader.TryConsumeMetaData()
   在 System.Data.SqlClient.SqlDataReader.get_MetaData()
   在 System.Data.SqlClient.SqlCommand.FinishExecuteReader(SqlDataReader ds, RunBehavior runBehavior, String resetOptionsString)
   在 System.Data.SqlClient.SqlCommand.RunExecuteReaderTds(CommandBehavior cmdBehavior, RunBehavior runBehavior, Boolean returnStream, Boolean async, Int32 timeout, Task& task, Boolean asyncWrite, SqlDataReader ds, Boolean describeParameterEncryptionRequest)
   在 System.Data.SqlClient.SqlCommand.RunExecuteReader(CommandBehavior cmdBehavior, RunBehavior runBehavior, Boolean returnStream, String method, TaskCompletionSource`1 completion, Int32 timeout, Task& task, Boolean asyncWrite)
   在 System.Data.SqlClient.SqlCommand.RunExecuteReader(CommandBehavior cmdBehavior, RunBehavior runBehavior, Boolean returnStream, String method)
   在 System.Data.SqlClient.SqlCommand.ExecuteReader(CommandBehavior behavior, String method)
   在 System.Data.Common.DbDataAdapter.FillInternal(DataSet dataset, DataTable[] datatables, Int32 startRecord, Int32 maxRecords, String srcTable, IDbCommand command, CommandBehavior behavior)
   在 System.Data.Common.DbDataAdapter.Fill(DataSet dataSet, Int32 startRecord, Int32 maxRecords, String srcTable, IDbCommand command, CommandBehavior behavior)
   在 System.Data.Common.DbDataAdapter.Fill(DataSet dataSet)
   在 Microsoft.Practices.EnterpriseLibrary.Data.Database.DoLoadDataSet(IDbCommand command, DataSet dataSet, String[] tableNames)
   在 Microsoft.Practices.EnterpriseLibrary.Data.Database.LoadDataSet(DbCommand command, DataSet dataSet, String[] tableNames)
   在 Microsoft.Practices.EnterpriseLibrary.Data.Database.ExecuteDataSet(DbCommand command)
   在 BestWise.YLS.FrameWork.DAL.DALMaterial.GetPageList(BaseFilter baseFilter) 位置 g:\GitWork\YouthLeagueSchool\src\平台资源服务\BestWise.YLS.FrameWork\DAL\DALMaterial.cs:行号 159
   在 BestWise.YLS.FrameWork.BLL.BLLMaterial.GetPageList(BaseFilter baseFilter) 位置 g:\GitWork\YouthLeagueSchool\src\平台资源服务\BestWise.YLS.FrameWork\BLL\BLLMaterial.cs:行号 139
ClientConnectionId:0c29c2b7-e758-4fa8-9e55-41ddd56055db
Error Number:207,State:1,Class:16
2016-12-27 16:07:24,858 [30] WARN  Logging - 程序异常
System.Data.SqlClient.SqlException (0x80131904): 列名 'LinkUrl' 无效。
   在 System.Data.SqlClient.SqlConnection.OnError(SqlException exception, Boolean breakConnection, Action`1 wrapCloseInAction)
   在 System.Data.SqlClient.TdsParser.ThrowExceptionAndWarning(TdsParserStateObject stateObj, Boolean callerHasConnectionLock, Boolean asyncClose)
   在 System.Data.SqlClient.TdsParser.TryRun(RunBehavior runBehavior, SqlCommand cmdHandler, SqlDataReader dataStream, BulkCopySimpleResultSet bulkCopyHandler, TdsParserStateObject stateObj, Boolean& dataReady)
   在 System.Data.SqlClient.SqlDataReader.TryConsumeMetaData()
   在 System.Data.SqlClient.SqlDataReader.get_MetaData()
   在 System.Data.SqlClient.SqlCommand.FinishExecuteReader(SqlDataReader ds, RunBehavior runBehavior, String resetOptionsString)
   在 System.Data.SqlClient.SqlCommand.RunExecuteReaderTds(CommandBehavior cmdBehavior, RunBehavior runBehavior, Boolean returnStream, Boolean async, Int32 timeout, Task& task, Boolean asyncWrite, SqlDataReader ds, Boolean describeParameterEncryptionRequest)
   在 System.Data.SqlClient.SqlCommand.RunExecuteReader(CommandBehavior cmdBehavior, RunBehavior runBehavior, Boolean returnStream, String method, TaskCompletionSource`1 completion, Int32 timeout, Task& task, Boolean asyncWrite)
   在 System.Data.SqlClient.SqlCommand.RunExecuteReader(CommandBehavior cmdBehavior, RunBehavior runBehavior, Boolean returnStream, String method)
   在 System.Data.SqlClient.SqlCommand.ExecuteReader(CommandBehavior behavior, String method)
   在 System.Data.Common.DbDataAdapter.FillInternal(DataSet dataset, DataTable[] datatables, Int32 startRecord, Int32 maxRecords, String srcTable, IDbCommand command, CommandBehavior behavior)
   在 System.Data.Common.DbDataAdapter.Fill(DataSet dataSet, Int32 startRecord, Int32 maxRecords, String srcTable, IDbCommand command, CommandBehavior behavior)
   在 System.Data.Common.DbDataAdapter.Fill(DataSet dataSet)
   在 Microsoft.Practices.EnterpriseLibrary.Data.Database.DoLoadDataSet(IDbCommand command, DataSet dataSet, String[] tableNames)
   在 Microsoft.Practices.EnterpriseLibrary.Data.Database.LoadDataSet(DbCommand command, DataSet dataSet, String[] tableNames)
   在 Microsoft.Practices.EnterpriseLibrary.Data.Database.ExecuteDataSet(DbCommand command)
   在 BestWise.YLS.FrameWork.DAL.DALMaterial.GetPageList(BaseFilter baseFilter) 位置 g:\GitWork\YouthLeagueSchool\src\平台资源服务\BestWise.YLS.FrameWork\DAL\DALMaterial.cs:行号 159
   在 BestWise.YLS.FrameWork.BLL.BLLMaterial.GetPageList(BaseFilter baseFilter) 位置 g:\GitWork\YouthLeagueSchool\src\平台资源服务\BestWise.YLS.FrameWork\BLL\BLLMaterial.cs:行号 139
ClientConnectionId:0c29c2b7-e758-4fa8-9e55-41ddd56055db
Error Number:207,State:1,Class:16
2016-12-27 16:07:25,728 [11] WARN  Logging - 程序异常
System.Data.SqlClient.SqlException (0x80131904): 列名 'LinkUrl' 无效。
   在 System.Data.SqlClient.SqlConnection.OnError(SqlException exception, Boolean breakConnection, Action`1 wrapCloseInAction)
   在 System.Data.SqlClient.TdsParser.ThrowExceptionAndWarning(TdsParserStateObject stateObj, Boolean callerHasConnectionLock, Boolean asyncClose)
   在 System.Data.SqlClient.TdsParser.TryRun(RunBehavior runBehavior, SqlCommand cmdHandler, SqlDataReader dataStream, BulkCopySimpleResultSet bulkCopyHandler, TdsParserStateObject stateObj, Boolean& dataReady)
   在 System.Data.SqlClient.SqlDataReader.TryConsumeMetaData()
   在 System.Data.SqlClient.SqlDataReader.get_MetaData()
   在 System.Data.SqlClient.SqlCommand.FinishExecuteReader(SqlDataReader ds, RunBehavior runBehavior, String resetOptionsString)
   在 System.Data.SqlClient.SqlCommand.RunExecuteReaderTds(CommandBehavior cmdBehavior, RunBehavior runBehavior, Boolean returnStream, Boolean async, Int32 timeout, Task& task, Boolean asyncWrite, SqlDataReader ds, Boolean describeParameterEncryptionRequest)
   在 System.Data.SqlClient.SqlCommand.RunExecuteReader(CommandBehavior cmdBehavior, RunBehavior runBehavior, Boolean returnStream, String method, TaskCompletionSource`1 completion, Int32 timeout, Task& task, Boolean asyncWrite)
   在 System.Data.SqlClient.SqlCommand.RunExecuteReader(CommandBehavior cmdBehavior, RunBehavior runBehavior, Boolean returnStream, String method)
   在 System.Data.SqlClient.SqlCommand.ExecuteReader(CommandBehavior behavior, String method)
   在 System.Data.Common.DbDataAdapter.FillInternal(DataSet dataset, DataTable[] datatables, Int32 startRecord, Int32 maxRecords, String srcTable, IDbCommand command, CommandBehavior behavior)
   在 System.Data.Common.DbDataAdapter.Fill(DataSet dataSet, Int32 startRecord, Int32 maxRecords, String srcTable, IDbCommand command, CommandBehavior behavior)
   在 System.Data.Common.DbDataAdapter.Fill(DataSet dataSet)
   在 Microsoft.Practices.EnterpriseLibrary.Data.Database.DoLoadDataSet(IDbCommand command, DataSet dataSet, String[] tableNames)
   在 Microsoft.Practices.EnterpriseLibrary.Data.Database.LoadDataSet(DbCommand command, DataSet dataSet, String[] tableNames)
   在 Microsoft.Practices.EnterpriseLibrary.Data.Database.ExecuteDataSet(DbCommand command)
   在 BestWise.YLS.FrameWork.DAL.DALMaterial.GetPageList(BaseFilter baseFilter) 位置 g:\GitWork\YouthLeagueSchool\src\平台资源服务\BestWise.YLS.FrameWork\DAL\DALMaterial.cs:行号 159
   在 BestWise.YLS.FrameWork.BLL.BLLMaterial.GetPageList(BaseFilter baseFilter) 位置 g:\GitWork\YouthLeagueSchool\src\平台资源服务\BestWise.YLS.FrameWork\BLL\BLLMaterial.cs:行号 139
ClientConnectionId:0c29c2b7-e758-4fa8-9e55-41ddd56055db
Error Number:207,State:1,Class:16
2016-12-27 16:07:37,676 [11] WARN  Logging - 程序异常
System.Data.SqlClient.SqlException (0x80131904): 列名 'LinkUrl' 无效。
   在 System.Data.SqlClient.SqlConnection.OnError(SqlException exception, Boolean breakConnection, Action`1 wrapCloseInAction)
   在 System.Data.SqlClient.TdsParser.ThrowExceptionAndWarning(TdsParserStateObject stateObj, Boolean callerHasConnectionLock, Boolean asyncClose)
   在 System.Data.SqlClient.TdsParser.TryRun(RunBehavior runBehavior, SqlCommand cmdHandler, SqlDataReader dataStream, BulkCopySimpleResultSet bulkCopyHandler, TdsParserStateObject stateObj, Boolean& dataReady)
   在 System.Data.SqlClient.SqlDataReader.TryConsumeMetaData()
   在 System.Data.SqlClient.SqlDataReader.get_MetaData()
   在 System.Data.SqlClient.SqlCommand.FinishExecuteReader(SqlDataReader ds, RunBehavior runBehavior, String resetOptionsString)
   在 System.Data.SqlClient.SqlCommand.RunExecuteReaderTds(CommandBehavior cmdBehavior, RunBehavior runBehavior, Boolean returnStream, Boolean async, Int32 timeout, Task& task, Boolean asyncWrite, SqlDataReader ds, Boolean describeParameterEncryptionRequest)
   在 System.Data.SqlClient.SqlCommand.RunExecuteReader(CommandBehavior cmdBehavior, RunBehavior runBehavior, Boolean returnStream, String method, TaskCompletionSource`1 completion, Int32 timeout, Task& task, Boolean asyncWrite)
   在 System.Data.SqlClient.SqlCommand.RunExecuteReader(CommandBehavior cmdBehavior, RunBehavior runBehavior, Boolean returnStream, String method)
   在 System.Data.SqlClient.SqlCommand.ExecuteReader(CommandBehavior behavior, String method)
   在 System.Data.Common.DbDataAdapter.FillInternal(DataSet dataset, DataTable[] datatables, Int32 startRecord, Int32 maxRecords, String srcTable, IDbCommand command, CommandBehavior behavior)
   在 System.Data.Common.DbDataAdapter.Fill(DataSet dataSet, Int32 startRecord, Int32 maxRecords, String srcTable, IDbCommand command, CommandBehavior behavior)
   在 System.Data.Common.DbDataAdapter.Fill(DataSet dataSet)
   在 Microsoft.Practices.EnterpriseLibrary.Data.Database.DoLoadDataSet(IDbCommand command, DataSet dataSet, String[] tableNames)
   在 Microsoft.Practices.EnterpriseLibrary.Data.Database.LoadDataSet(DbCommand command, DataSet dataSet, String[] tableNames)
   在 Microsoft.Practices.EnterpriseLibrary.Data.Database.ExecuteDataSet(DbCommand command)
   在 BestWise.YLS.FrameWork.DAL.DALMaterial.GetPageList(BaseFilter baseFilter) 位置 g:\GitWork\YouthLeagueSchool\src\平台资源服务\BestWise.YLS.FrameWork\DAL\DALMaterial.cs:行号 159
   在 BestWise.YLS.FrameWork.BLL.BLLMaterial.GetPageList(BaseFilter baseFilter) 位置 g:\GitWork\YouthLeagueSchool\src\平台资源服务\BestWise.YLS.FrameWork\BLL\BLLMaterial.cs:行号 139
ClientConnectionId:0c29c2b7-e758-4fa8-9e55-41ddd56055db
Error Number:207,State:1,Class:16
2016-12-27 16:08:36,719 [25] WARN  Logging - 程序异常
System.Data.SqlClient.SqlException (0x80131904): 列名 'LinkUrl' 无效。
   在 System.Data.SqlClient.SqlConnection.OnError(SqlException exception, Boolean breakConnection, Action`1 wrapCloseInAction)
   在 System.Data.SqlClient.TdsParser.ThrowExceptionAndWarning(TdsParserStateObject stateObj, Boolean callerHasConnectionLock, Boolean asyncClose)
   在 System.Data.SqlClient.TdsParser.TryRun(RunBehavior runBehavior, SqlCommand cmdHandler, SqlDataReader dataStream, BulkCopySimpleResultSet bulkCopyHandler, TdsParserStateObject stateObj, Boolean& dataReady)
   在 System.Data.SqlClient.SqlDataReader.TryConsumeMetaData()
   在 System.Data.SqlClient.SqlDataReader.get_MetaData()
   在 System.Data.SqlClient.SqlCommand.FinishExecuteReader(SqlDataReader ds, RunBehavior runBehavior, String resetOptionsString)
   在 System.Data.SqlClient.SqlCommand.RunExecuteReaderTds(CommandBehavior cmdBehavior, RunBehavior runBehavior, Boolean returnStream, Boolean async, Int32 timeout, Task& task, Boolean asyncWrite, SqlDataReader ds, Boolean describeParameterEncryptionRequest)
   在 System.Data.SqlClient.SqlCommand.RunExecuteReader(CommandBehavior cmdBehavior, RunBehavior runBehavior, Boolean returnStream, String method, TaskCompletionSource`1 completion, Int32 timeout, Task& task, Boolean asyncWrite)
   在 System.Data.SqlClient.SqlCommand.RunExecuteReader(CommandBehavior cmdBehavior, RunBehavior runBehavior, Boolean returnStream, String method)
   在 System.Data.SqlClient.SqlCommand.ExecuteReader(CommandBehavior behavior, String method)
   在 System.Data.Common.DbDataAdapter.FillInternal(DataSet dataset, DataTable[] datatables, Int32 startRecord, Int32 maxRecords, String srcTable, IDbCommand command, CommandBehavior behavior)
   在 System.Data.Common.DbDataAdapter.Fill(DataSet dataSet, Int32 startRecord, Int32 maxRecords, String srcTable, IDbCommand command, CommandBehavior behavior)
   在 System.Data.Common.DbDataAdapter.Fill(DataSet dataSet)
   在 Microsoft.Practices.EnterpriseLibrary.Data.Database.DoLoadDataSet(IDbCommand command, DataSet dataSet, String[] tableNames)
   在 Microsoft.Practices.EnterpriseLibrary.Data.Database.LoadDataSet(DbCommand command, DataSet dataSet, String[] tableNames)
   在 Microsoft.Practices.EnterpriseLibrary.Data.Database.ExecuteDataSet(DbCommand command)
   在 BestWise.YLS.FrameWork.DAL.DALMaterial.GetPageList(BaseFilter baseFilter) 位置 g:\GitWork\YouthLeagueSchool\src\平台资源服务\BestWise.YLS.FrameWork\DAL\DALMaterial.cs:行号 159
   在 BestWise.YLS.FrameWork.BLL.BLLMaterial.GetPageList(BaseFilter baseFilter) 位置 g:\GitWork\YouthLeagueSchool\src\平台资源服务\BestWise.YLS.FrameWork\BLL\BLLMaterial.cs:行号 139
ClientConnectionId:2a6fb4b2-49b2-4cd8-81a6-a7a3098091a6
Error Number:207,State:1,Class:16
2016-12-27 21:08:41,421 [61] WARN  Logging - 程序异常
System.Data.SqlClient.SqlException (0x80131904): 不能将值 NULL 插入列 'Introduce'，表 'YouthLeagueSchool.dbo.Teacher'；列不允许有 Null 值。INSERT 失败。
语句已终止。
   在 System.Data.SqlClient.SqlConnection.OnError(SqlException exception, Boolean breakConnection, Action`1 wrapCloseInAction)
   在 System.Data.SqlClient.TdsParser.ThrowExceptionAndWarning(TdsParserStateObject stateObj, Boolean callerHasConnectionLock, Boolean asyncClose)
   在 System.Data.SqlClient.TdsParser.TryRun(RunBehavior runBehavior, SqlCommand cmdHandler, SqlDataReader dataStream, BulkCopySimpleResultSet bulkCopyHandler, TdsParserStateObject stateObj, Boolean& dataReady)
   在 System.Data.SqlClient.SqlCommand.FinishExecuteReader(SqlDataReader ds, RunBehavior runBehavior, String resetOptionsString)
   在 System.Data.SqlClient.SqlCommand.RunExecuteReaderTds(CommandBehavior cmdBehavior, RunBehavior runBehavior, Boolean returnStream, Boolean async, Int32 timeout, Task& task, Boolean asyncWrite, SqlDataReader ds, Boolean describeParameterEncryptionRequest)
   在 System.Data.SqlClient.SqlCommand.RunExecuteReader(CommandBehavior cmdBehavior, RunBehavior runBehavior, Boolean returnStream, String method, TaskCompletionSource`1 completion, Int32 timeout, Task& task, Boolean asyncWrite)
   在 System.Data.SqlClient.SqlCommand.InternalExecuteNonQuery(TaskCompletionSource`1 completion, String methodName, Boolean sendToPipe, Int32 timeout, Boolean asyncWrite)
   在 System.Data.SqlClient.SqlCommand.ExecuteNonQuery()
   在 Microsoft.Practices.EnterpriseLibrary.Data.Database.DoExecuteNonQuery(DbCommand command)
   在 BestWise.YLS.FrameWork.DAL.DALTeacher.Add(Teacher model, BWDatabaseWithTransaction transaction) 位置 g:\GitWork\YouthLeagueSchool\src\平台资源服务\BestWise.YLS.FrameWork\DAL\DALTeacher.cs:行号 154
   在 BestWise.YLS.FrameWork.DAL.DALTeacher.AddTeacher(Teacher model, String pictures) 位置 g:\GitWork\YouthLeagueSchool\src\平台资源服务\BestWise.YLS.FrameWork\DAL\DALTeacher.cs:行号 237
ClientConnectionId:0e8a263b-d326-40ce-a398-5cc00ed212ee
Error Number:515,State:2,Class:16
2016-12-27 21:09:44,360 [72] WARN  Logging - 程序异常
System.Data.SqlClient.SqlException (0x80131904): 不能将值 NULL 插入列 'Introduce'，表 'YouthLeagueSchool.dbo.Teacher'；列不允许有 Null 值。INSERT 失败。
语句已终止。
   在 System.Data.SqlClient.SqlConnection.OnError(SqlException exception, Boolean breakConnection, Action`1 wrapCloseInAction)
   在 System.Data.SqlClient.TdsParser.ThrowExceptionAndWarning(TdsParserStateObject stateObj, Boolean callerHasConnectionLock, Boolean asyncClose)
   在 System.Data.SqlClient.TdsParser.TryRun(RunBehavior runBehavior, SqlCommand cmdHandler, SqlDataReader dataStream, BulkCopySimpleResultSet bulkCopyHandler, TdsParserStateObject stateObj, Boolean& dataReady)
   在 System.Data.SqlClient.SqlCommand.FinishExecuteReader(SqlDataReader ds, RunBehavior runBehavior, String resetOptionsString)
   在 System.Data.SqlClient.SqlCommand.RunExecuteReaderTds(CommandBehavior cmdBehavior, RunBehavior runBehavior, Boolean returnStream, Boolean async, Int32 timeout, Task& task, Boolean asyncWrite, SqlDataReader ds, Boolean describeParameterEncryptionRequest)
   在 System.Data.SqlClient.SqlCommand.RunExecuteReader(CommandBehavior cmdBehavior, RunBehavior runBehavior, Boolean returnStream, String method, TaskCompletionSource`1 completion, Int32 timeout, Task& task, Boolean asyncWrite)
   在 System.Data.SqlClient.SqlCommand.InternalExecuteNonQuery(TaskCompletionSource`1 completion, String methodName, Boolean sendToPipe, Int32 timeout, Boolean asyncWrite)
   在 System.Data.SqlClient.SqlCommand.ExecuteNonQuery()
   在 Microsoft.Practices.EnterpriseLibrary.Data.Database.DoExecuteNonQuery(DbCommand command)
   在 BestWise.YLS.FrameWork.DAL.DALTeacher.Add(Teacher model, BWDatabaseWithTransaction transaction) 位置 g:\GitWork\YouthLeagueSchool\src\平台资源服务\BestWise.YLS.FrameWork\DAL\DALTeacher.cs:行号 154
   在 BestWise.YLS.FrameWork.DAL.DALTeacher.AddTeacher(Teacher model, String pictures) 位置 g:\GitWork\YouthLeagueSchool\src\平台资源服务\BestWise.YLS.FrameWork\DAL\DALTeacher.cs:行号 237
ClientConnectionId:0e8a263b-d326-40ce-a398-5cc00ed212ee
Error Number:515,State:2,Class:16
2016-12-27 21:17:31,428 [79] WARN  Logging - 程序异常
System.Data.SqlClient.SqlException (0x80131904): 不能将值 NULL 插入列 'Introduce'，表 'YouthLeagueSchool.dbo.Teacher'；列不允许有 Null 值。INSERT 失败。
语句已终止。
   在 System.Data.SqlClient.SqlConnection.OnError(SqlException exception, Boolean breakConnection, Action`1 wrapCloseInAction)
   在 System.Data.SqlClient.TdsParser.ThrowExceptionAndWarning(TdsParserStateObject stateObj, Boolean callerHasConnectionLock, Boolean asyncClose)
   在 System.Data.SqlClient.TdsParser.TryRun(RunBehavior runBehavior, SqlCommand cmdHandler, SqlDataReader dataStream, BulkCopySimpleResultSet bulkCopyHandler, TdsParserStateObject stateObj, Boolean& dataReady)
   在 System.Data.SqlClient.SqlCommand.FinishExecuteReader(SqlDataReader ds, RunBehavior runBehavior, String resetOptionsString)
   在 System.Data.SqlClient.SqlCommand.RunExecuteReaderTds(CommandBehavior cmdBehavior, RunBehavior runBehavior, Boolean returnStream, Boolean async, Int32 timeout, Task& task, Boolean asyncWrite, SqlDataReader ds, Boolean describeParameterEncryptionRequest)
   在 System.Data.SqlClient.SqlCommand.RunExecuteReader(CommandBehavior cmdBehavior, RunBehavior runBehavior, Boolean returnStream, String method, TaskCompletionSource`1 completion, Int32 timeout, Task& task, Boolean asyncWrite)
   在 System.Data.SqlClient.SqlCommand.InternalExecuteNonQuery(TaskCompletionSource`1 completion, String methodName, Boolean sendToPipe, Int32 timeout, Boolean asyncWrite)
   在 System.Data.SqlClient.SqlCommand.ExecuteNonQuery()
   在 Microsoft.Practices.EnterpriseLibrary.Data.Database.DoExecuteNonQuery(DbCommand command)
   在 BestWise.YLS.FrameWork.DAL.DALTeacher.Add(Teacher model, BWDatabaseWithTransaction transaction) 位置 g:\GitWork\YouthLeagueSchool\src\平台资源服务\BestWise.YLS.FrameWork\DAL\DALTeacher.cs:行号 154
   在 BestWise.YLS.FrameWork.DAL.DALTeacher.AddTeacher(Teacher model, String pictures) 位置 g:\GitWork\YouthLeagueSchool\src\平台资源服务\BestWise.YLS.FrameWork\DAL\DALTeacher.cs:行号 237
ClientConnectionId:f6c0e151-c510-4343-909c-ecd454a1750e
Error Number:515,State:2,Class:16
2016-12-27 21:23:45,983 [91] WARN  Logging - 程序异常
System.Data.SqlClient.SqlException (0x80131904): 不能将值 NULL 插入列 'Introduce'，表 'YouthLeagueSchool.dbo.Teacher'；列不允许有 Null 值。INSERT 失败。
语句已终止。
   在 System.Data.SqlClient.SqlConnection.OnError(SqlException exception, Boolean breakConnection, Action`1 wrapCloseInAction)
   在 System.Data.SqlClient.TdsParser.ThrowExceptionAndWarning(TdsParserStateObject stateObj, Boolean callerHasConnectionLock, Boolean asyncClose)
   在 System.Data.SqlClient.TdsParser.TryRun(RunBehavior runBehavior, SqlCommand cmdHandler, SqlDataReader dataStream, BulkCopySimpleResultSet bulkCopyHandler, TdsParserStateObject stateObj, Boolean& dataReady)
   在 System.Data.SqlClient.SqlCommand.FinishExecuteReader(SqlDataReader ds, RunBehavior runBehavior, String resetOptionsString)
   在 System.Data.SqlClient.SqlCommand.RunExecuteReaderTds(CommandBehavior cmdBehavior, RunBehavior runBehavior, Boolean returnStream, Boolean async, Int32 timeout, Task& task, Boolean asyncWrite, SqlDataReader ds, Boolean describeParameterEncryptionRequest)
   在 System.Data.SqlClient.SqlCommand.RunExecuteReader(CommandBehavior cmdBehavior, RunBehavior runBehavior, Boolean returnStream, String method, TaskCompletionSource`1 completion, Int32 timeout, Task& task, Boolean asyncWrite)
   在 System.Data.SqlClient.SqlCommand.InternalExecuteNonQuery(TaskCompletionSource`1 completion, String methodName, Boolean sendToPipe, Int32 timeout, Boolean asyncWrite)
   在 System.Data.SqlClient.SqlCommand.ExecuteNonQuery()
   在 Microsoft.Practices.EnterpriseLibrary.Data.Database.DoExecuteNonQuery(DbCommand command)
   在 BestWise.YLS.FrameWork.DAL.DALTeacher.Add(Teacher model, BWDatabaseWithTransaction transaction) 位置 g:\GitWork\YouthLeagueSchool\src\平台资源服务\BestWise.YLS.FrameWork\DAL\DALTeacher.cs:行号 154
   在 BestWise.YLS.FrameWork.DAL.DALTeacher.AddTeacher(Teacher model, String pictures) 位置 g:\GitWork\YouthLeagueSchool\src\平台资源服务\BestWise.YLS.FrameWork\DAL\DALTeacher.cs:行号 237
ClientConnectionId:f6c0e151-c510-4343-909c-ecd454a1750e
Error Number:515,State:2,Class:16
2016-12-27 21:25:45,303 [79] WARN  Logging - 程序异常
System.Data.SqlClient.SqlException (0x80131904): 不能将值 NULL 插入列 'Introduce'，表 'YouthLeagueSchool.dbo.Teacher'；列不允许有 Null 值。INSERT 失败。
语句已终止。
   在 System.Data.SqlClient.SqlConnection.OnError(SqlException exception, Boolean breakConnection, Action`1 wrapCloseInAction)
   在 System.Data.SqlClient.TdsParser.ThrowExceptionAndWarning(TdsParserStateObject stateObj, Boolean callerHasConnectionLock, Boolean asyncClose)
   在 System.Data.SqlClient.TdsParser.TryRun(RunBehavior runBehavior, SqlCommand cmdHandler, SqlDataReader dataStream, BulkCopySimpleResultSet bulkCopyHandler, TdsParserStateObject stateObj, Boolean& dataReady)
   在 System.Data.SqlClient.SqlCommand.FinishExecuteReader(SqlDataReader ds, RunBehavior runBehavior, String resetOptionsString)
   在 System.Data.SqlClient.SqlCommand.RunExecuteReaderTds(CommandBehavior cmdBehavior, RunBehavior runBehavior, Boolean returnStream, Boolean async, Int32 timeout, Task& task, Boolean asyncWrite, SqlDataReader ds, Boolean describeParameterEncryptionRequest)
   在 System.Data.SqlClient.SqlCommand.RunExecuteReader(CommandBehavior cmdBehavior, RunBehavior runBehavior, Boolean returnStream, String method, TaskCompletionSource`1 completion, Int32 timeout, Task& task, Boolean asyncWrite)
   在 System.Data.SqlClient.SqlCommand.InternalExecuteNonQuery(TaskCompletionSource`1 completion, String methodName, Boolean sendToPipe, Int32 timeout, Boolean asyncWrite)
   在 System.Data.SqlClient.SqlCommand.ExecuteNonQuery()
   在 Microsoft.Practices.EnterpriseLibrary.Data.Database.DoExecuteNonQuery(DbCommand command)
   在 BestWise.YLS.FrameWork.DAL.DALTeacher.Add(Teacher model, BWDatabaseWithTransaction transaction) 位置 g:\GitWork\YouthLeagueSchool\src\平台资源服务\BestWise.YLS.FrameWork\DAL\DALTeacher.cs:行号 154
   在 BestWise.YLS.FrameWork.DAL.DALTeacher.AddTeacher(Teacher model, String pictures) 位置 g:\GitWork\YouthLeagueSchool\src\平台资源服务\BestWise.YLS.FrameWork\DAL\DALTeacher.cs:行号 237
ClientConnectionId:f6c0e151-c510-4343-909c-ecd454a1750e
Error Number:515,State:2,Class:16
