2016-12-28 11:51:14,396 [26] WARN  Logging - 程序异常
System.NullReferenceException: 未将对象引用设置到对象的实例。
   在 BestWise.YLS.FrameWork.BLL.BLLTeacher.Update(Teacher model) 位置 g:\GitWork\YouthLeagueSchool\src\平台资源服务\BestWise.YLS.FrameWork\BLL\BLLTeacher.cs.cs:行号 85
2016-12-28 14:33:14,908 [189] WARN  Logging - 程序异常
System.Data.SqlClient.SqlException (0x80131904): 从字符串转换日期和/或时间时，转换失败。
   在 System.Data.SqlClient.SqlConnection.OnError(SqlException exception, Boolean breakConnection, Action`1 wrapCloseInAction)
   在 System.Data.SqlClient.TdsParser.ThrowExceptionAndWarning(TdsParserStateObject stateObj, Boolean callerHasConnectionLock, Boolean asyncClose)
   在 System.Data.SqlClient.TdsParser.TryRun(RunBehavior runBehavior, SqlCommand cmdHandler, SqlDataReader dataStream, BulkCopySimpleResultSet bulkCopyHandler, TdsParserStateObject stateObj, Boolean& dataReady)
   在 System.Data.SqlClient.SqlCommand.FinishExecuteReader(SqlDataReader ds, RunBehavior runBehavior, String resetOptionsString)
   在 System.Data.SqlClient.SqlCommand.RunExecuteReaderTds(CommandBehavior cmdBehavior, RunBehavior runBehavior, Boolean returnStream, Boolean async, Int32 timeout, Task& task, Boolean asyncWrite, SqlDataReader ds, Boolean describeParameterEncryptionRequest)
   在 System.Data.SqlClient.SqlCommand.RunExecuteReader(CommandBehavior cmdBehavior, RunBehavior runBehavior, Boolean returnStream, String method, TaskCompletionSource`1 completion, Int32 timeout, Task& task, Boolean asyncWrite)
   在 System.Data.SqlClient.SqlCommand.InternalExecuteNonQuery(TaskCompletionSource`1 completion, String methodName, Boolean sendToPipe, Int32 timeout, Boolean asyncWrite)
   在 System.Data.SqlClient.SqlCommand.ExecuteNonQuery()
   在 Microsoft.Practices.EnterpriseLibrary.Data.Database.DoExecuteNonQuery(DbCommand command)
   在 BestWise.YLS.FrameWork.DAL.DALTeacherPicture.AddTeacherPicture(String dataXML, BWDatabaseWithTransaction transaction) 位置 g:\GitWork\YouthLeagueSchool\src\平台资源服务\BestWise.YLS.FrameWork\DAL\DALTeacherPicture.cs:行号 32
   在 BestWise.YLS.FrameWork.DAL.DALTeacher.UpdateTeacher(Teacher model, String pictures) 位置 g:\GitWork\YouthLeagueSchool\src\平台资源服务\BestWise.YLS.FrameWork\DAL\DALTeacher.cs:行号 275
ClientConnectionId:d7490a57-96fc-4092-933e-e419728b991c
Error Number:241,State:1,Class:16
2016-12-28 14:33:39,309 [194] WARN  Logging - 程序异常
System.Data.SqlClient.SqlException (0x80131904): 从字符串转换日期和/或时间时，转换失败。
   在 System.Data.SqlClient.SqlConnection.OnError(SqlException exception, Boolean breakConnection, Action`1 wrapCloseInAction)
   在 System.Data.SqlClient.TdsParser.ThrowExceptionAndWarning(TdsParserStateObject stateObj, Boolean callerHasConnectionLock, Boolean asyncClose)
   在 System.Data.SqlClient.TdsParser.TryRun(RunBehavior runBehavior, SqlCommand cmdHandler, SqlDataReader dataStream, BulkCopySimpleResultSet bulkCopyHandler, TdsParserStateObject stateObj, Boolean& dataReady)
   在 System.Data.SqlClient.SqlCommand.FinishExecuteReader(SqlDataReader ds, RunBehavior runBehavior, String resetOptionsString)
   在 System.Data.SqlClient.SqlCommand.RunExecuteReaderTds(CommandBehavior cmdBehavior, RunBehavior runBehavior, Boolean returnStream, Boolean async, Int32 timeout, Task& task, Boolean asyncWrite, SqlDataReader ds, Boolean describeParameterEncryptionRequest)
   在 System.Data.SqlClient.SqlCommand.RunExecuteReader(CommandBehavior cmdBehavior, RunBehavior runBehavior, Boolean returnStream, String method, TaskCompletionSource`1 completion, Int32 timeout, Task& task, Boolean asyncWrite)
   在 System.Data.SqlClient.SqlCommand.InternalExecuteNonQuery(TaskCompletionSource`1 completion, String methodName, Boolean sendToPipe, Int32 timeout, Boolean asyncWrite)
   在 System.Data.SqlClient.SqlCommand.ExecuteNonQuery()
   在 Microsoft.Practices.EnterpriseLibrary.Data.Database.DoExecuteNonQuery(DbCommand command)
   在 BestWise.YLS.FrameWork.DAL.DALTeacherPicture.AddTeacherPicture(String dataXML, BWDatabaseWithTransaction transaction) 位置 g:\GitWork\YouthLeagueSchool\src\平台资源服务\BestWise.YLS.FrameWork\DAL\DALTeacherPicture.cs:行号 32
   在 BestWise.YLS.FrameWork.DAL.DALTeacher.UpdateTeacher(Teacher model, String pictures) 位置 g:\GitWork\YouthLeagueSchool\src\平台资源服务\BestWise.YLS.FrameWork\DAL\DALTeacher.cs:行号 275
ClientConnectionId:d7490a57-96fc-4092-933e-e419728b991c
Error Number:241,State:1,Class:16
2016-12-28 14:34:54,649 [180] WARN  Logging - 程序异常
System.Data.SqlClient.SqlException (0x80131904): 从字符串转换日期和/或时间时，转换失败。
   在 System.Data.SqlClient.SqlConnection.OnError(SqlException exception, Boolean breakConnection, Action`1 wrapCloseInAction)
   在 System.Data.SqlClient.TdsParser.ThrowExceptionAndWarning(TdsParserStateObject stateObj, Boolean callerHasConnectionLock, Boolean asyncClose)
   在 System.Data.SqlClient.TdsParser.TryRun(RunBehavior runBehavior, SqlCommand cmdHandler, SqlDataReader dataStream, BulkCopySimpleResultSet bulkCopyHandler, TdsParserStateObject stateObj, Boolean& dataReady)
   在 System.Data.SqlClient.SqlCommand.FinishExecuteReader(SqlDataReader ds, RunBehavior runBehavior, String resetOptionsString)
   在 System.Data.SqlClient.SqlCommand.RunExecuteReaderTds(CommandBehavior cmdBehavior, RunBehavior runBehavior, Boolean returnStream, Boolean async, Int32 timeout, Task& task, Boolean asyncWrite, SqlDataReader ds, Boolean describeParameterEncryptionRequest)
   在 System.Data.SqlClient.SqlCommand.RunExecuteReader(CommandBehavior cmdBehavior, RunBehavior runBehavior, Boolean returnStream, String method, TaskCompletionSource`1 completion, Int32 timeout, Task& task, Boolean asyncWrite)
   在 System.Data.SqlClient.SqlCommand.InternalExecuteNonQuery(TaskCompletionSource`1 completion, String methodName, Boolean sendToPipe, Int32 timeout, Boolean asyncWrite)
   在 System.Data.SqlClient.SqlCommand.ExecuteNonQuery()
   在 Microsoft.Practices.EnterpriseLibrary.Data.Database.DoExecuteNonQuery(DbCommand command)
   在 BestWise.YLS.FrameWork.DAL.DALTeacherPicture.AddTeacherPicture(String dataXML, BWDatabaseWithTransaction transaction) 位置 g:\GitWork\YouthLeagueSchool\src\平台资源服务\BestWise.YLS.FrameWork\DAL\DALTeacherPicture.cs:行号 32
   在 BestWise.YLS.FrameWork.DAL.DALTeacher.UpdateTeacher(Teacher model, String pictures) 位置 g:\GitWork\YouthLeagueSchool\src\平台资源服务\BestWise.YLS.FrameWork\DAL\DALTeacher.cs:行号 275
ClientConnectionId:d7490a57-96fc-4092-933e-e419728b991c
Error Number:241,State:1,Class:16
2016-12-28 14:38:05,517 [184] WARN  Logging - 程序异常
System.Data.SqlClient.SqlException (0x80131904): 从字符串转换日期和/或时间时，转换失败。
   在 System.Data.SqlClient.SqlConnection.OnError(SqlException exception, Boolean breakConnection, Action`1 wrapCloseInAction)
   在 System.Data.SqlClient.TdsParser.ThrowExceptionAndWarning(TdsParserStateObject stateObj, Boolean callerHasConnectionLock, Boolean asyncClose)
   在 System.Data.SqlClient.TdsParser.TryRun(RunBehavior runBehavior, SqlCommand cmdHandler, SqlDataReader dataStream, BulkCopySimpleResultSet bulkCopyHandler, TdsParserStateObject stateObj, Boolean& dataReady)
   在 System.Data.SqlClient.SqlCommand.FinishExecuteReader(SqlDataReader ds, RunBehavior runBehavior, String resetOptionsString)
   在 System.Data.SqlClient.SqlCommand.RunExecuteReaderTds(CommandBehavior cmdBehavior, RunBehavior runBehavior, Boolean returnStream, Boolean async, Int32 timeout, Task& task, Boolean asyncWrite, SqlDataReader ds, Boolean describeParameterEncryptionRequest)
   在 System.Data.SqlClient.SqlCommand.RunExecuteReader(CommandBehavior cmdBehavior, RunBehavior runBehavior, Boolean returnStream, String method, TaskCompletionSource`1 completion, Int32 timeout, Task& task, Boolean asyncWrite)
   在 System.Data.SqlClient.SqlCommand.InternalExecuteNonQuery(TaskCompletionSource`1 completion, String methodName, Boolean sendToPipe, Int32 timeout, Boolean asyncWrite)
   在 System.Data.SqlClient.SqlCommand.ExecuteNonQuery()
   在 Microsoft.Practices.EnterpriseLibrary.Data.Database.DoExecuteNonQuery(DbCommand command)
   在 BestWise.YLS.FrameWork.DAL.DALTeacherPicture.AddTeacherPicture(String dataXML, BWDatabaseWithTransaction transaction) 位置 g:\GitWork\YouthLeagueSchool\src\平台资源服务\BestWise.YLS.FrameWork\DAL\DALTeacherPicture.cs:行号 32
   在 BestWise.YLS.FrameWork.DAL.DALTeacher.UpdateTeacher(Teacher model, String pictures) 位置 g:\GitWork\YouthLeagueSchool\src\平台资源服务\BestWise.YLS.FrameWork\DAL\DALTeacher.cs:行号 275
ClientConnectionId:d7490a57-96fc-4092-933e-e419728b991c
Error Number:241,State:1,Class:16
2016-12-28 19:04:22,460 [186] WARN  Logging - 程序异常
System.Data.SqlClient.SqlException (0x80131904): 不能将值 NULL 插入列 'Body'，表 'YouthLeagueSchool.dbo.Course'；列不允许有 Null 值。INSERT 失败。
语句已终止。
   在 System.Data.SqlClient.SqlConnection.OnError(SqlException exception, Boolean breakConnection, Action`1 wrapCloseInAction)
   在 System.Data.SqlClient.TdsParser.ThrowExceptionAndWarning(TdsParserStateObject stateObj, Boolean callerHasConnectionLock, Boolean asyncClose)
   在 System.Data.SqlClient.TdsParser.TryRun(RunBehavior runBehavior, SqlCommand cmdHandler, SqlDataReader dataStream, BulkCopySimpleResultSet bulkCopyHandler, TdsParserStateObject stateObj, Boolean& dataReady)
   在 System.Data.SqlClient.SqlCommand.FinishExecuteReader(SqlDataReader ds, RunBehavior runBehavior, String resetOptionsString)
   在 System.Data.SqlClient.SqlCommand.RunExecuteReaderTds(CommandBehavior cmdBehavior, RunBehavior runBehavior, Boolean returnStream, Boolean async, Int32 timeout, Task& task, Boolean asyncWrite, SqlDataReader ds, Boolean describeParameterEncryptionRequest)
   在 System.Data.SqlClient.SqlCommand.RunExecuteReader(CommandBehavior cmdBehavior, RunBehavior runBehavior, Boolean returnStream, String method, TaskCompletionSource`1 completion, Int32 timeout, Task& task, Boolean asyncWrite)
   在 System.Data.SqlClient.SqlCommand.InternalExecuteNonQuery(TaskCompletionSource`1 completion, String methodName, Boolean sendToPipe, Int32 timeout, Boolean asyncWrite)
   在 System.Data.SqlClient.SqlCommand.ExecuteNonQuery()
   在 Microsoft.Practices.EnterpriseLibrary.Data.Database.DoExecuteNonQuery(DbCommand command)
   在 Microsoft.Practices.EnterpriseLibrary.Data.Database.ExecuteNonQuery(DbCommand command)
   在 BestWise.YLS.FrameWork.DAL.DALCourse.Add(Course model, BWDatabaseWithTransaction transaction) 位置 g:\GitWork\YouthLeagueSchool\src\平台资源服务\BestWise.YLS.FrameWork\DAL\DALCourse.cs:行号 133
   在 BestWise.YLS.FrameWork.BLL.BLLCourse.Add(Course model) 位置 g:\GitWork\YouthLeagueSchool\src\平台资源服务\BestWise.YLS.FrameWork\BLL\BLLCourse.cs:行号 47
ClientConnectionId:2cd3ef38-ac73-434b-9f1f-79a45086318e
Error Number:515,State:2,Class:16
